<?xml version="1.0" encoding="UTF-8"?>
<!-- Generated by org.testng.reporters.JUnitReportReporter -->
<testsuite hostname="sheema" failures="0" tests="3" name="trainline.RunParallel" time="55.523" errors="0" timestamp="2021-04-14T05:22:12 GMT" skipped="0">
  <testcase classname="trainline.RunParallel" name="runScenario" time="19.501"/>
  <system-out/>
  <testcase classname="trainline.RunParallel" name="runScenario" time="19.905"/>
  <system-out/>
  <testcase classname="trainline.RunParallel" name="runScenario" time="16.117"/>
  <system-out/>
</testsuite> <!-- trainline.RunParallel -->
