<?xml version="1.0" encoding="UTF-8"?>
<!-- Generated by org.testng.reporters.JUnitReportReporter -->
<testsuite skipped="0" hostname="DESKTOP-B1AHT4D" name="trainline.RunParallel" tests="3" failures="0" timestamp="2021-04-13T10:15:58 BST" time="195.054" errors="0">
  <testcase name="runScenario" time="65.980" classname="trainline.RunParallel"/>
  <system-out/>
  <testcase name="runScenario" time="64.561" classname="trainline.RunParallel"/>
  <system-out/>
  <testcase name="runScenario" time="64.513" classname="trainline.RunParallel"/>
  <system-out/>
</testsuite> <!-- trainline.RunParallel -->
